# JRE version: OpenJDK Runtime Environment (17.0.6) (build 17.0.6+0-b2043.56-10027231)
# Java VM: OpenJDK 64-Bit Server VM (17.0.6+0-b2043.56-10027231, mixed mode, tiered, compressed oops, compressed class ptrs, g1 gc, windows-amd64)
GC Precious Log:
 CPUs: 6 total, 6 available
 Memory: 16291M
 Large Page Support: Disabled
 NUMA Support: Disabled
 Compressed Oops: Enabled (32-bit)
 Heap Region Size: 1M
 Heap Min Capacity: 8M
 Heap Initial Capacity: 256M
 Heap Max Capacity: 2G
 Pre-touch: Disabled
 Parallel Workers: 6
 Concurrent Workers: 2
 Concurrent Refinement Workers: 6
 Periodic GC: Disabled
Heap:
 garbage-first heap   total 357376K, used 226493K [0x0000000080000000, 0x0000000100000000)
  region size 1024K, 29 young (29696K), 11 survivors (11264K)
 Metaspace       used 127245K, committed 128128K, reserved 1163264K
  class space    used 16973K, committed 17408K, reserved 1048576K
GC Heap History (20 events):
Event: 8.725 GC heap before
{Heap before GC invocations=32 (full 0):
 garbage-first heap   total 139264K, used 110266K [0x0000000080000000, 0x0000000100000000)
  region size 1024K, 37 young (37888K), 1 survivors (1024K)
 Metaspace       used 82200K, committed 82752K, reserved 1122304K
  class space    used 11185K, committed 11456K, reserved 1048576K
}
Event: 8.729 GC heap after
{Heap after GC invocations=33 (full 0):
 garbage-first heap   total 348160K, used 73870K [0x0000000080000000, 0x0000000100000000)
  region size 1024K, 3 young (3072K), 3 survivors (3072K)
 Metaspace       used 82200K, committed 82752K, reserved 1122304K
  class space    used 11185K, committed 11456K, reserved 1048576K
}
Event: 10.670 GC heap before
{Heap before GC invocations=33 (full 0):
 garbage-first heap   total 348160K, used 238734K [0x0000000080000000, 0x0000000100000000)
  region size 1024K, 164 young (167936K), 3 survivors (3072K)
 Metaspace       used 95603K, committed 96256K, reserved 1138688K
  class space    used 13077K, committed 13376K, reserved 1048576K
}
Event: 10.684 GC heap after
{Heap after GC invocations=34 (full 0):
 garbage-first heap   total 348160K, used 89358K [0x0000000080000000, 0x0000000100000000)
  region size 1024K, 18 young (18432K), 18 survivors (18432K)
 Metaspace       used 95603K, committed 96256K, reserved 1138688K
  class space    used 13077K, committed 13376K, reserved 1048576K
}
Event: 11.793 GC heap before
{Heap before GC invocations=34 (full 0):
 garbage-first heap   total 348160K, used 254222K [0x0000000080000000, 0x0000000100000000)
  region size 1024K, 179 young (183296K), 18 survivors (18432K)
 Metaspace       used 100278K, committed 100928K, reserved 1138688K
  class space    used 13680K, committed 14016K, reserved 1048576K
}
Event: 11.812 GC heap after
{Heap after GC invocations=35 (full 0):
 garbage-first heap   total 348160K, used 105446K [0x0000000080000000, 0x0000000100000000)
  region size 1024K, 16 young (16384K), 16 survivors (16384K)
 Metaspace       used 100278K, committed 100928K, reserved 1138688K
  class space    used 13680K, committed 14016K, reserved 1048576K
}
Event: 14.251 GC heap before
{Heap before GC invocations=35 (full 0):
 garbage-first heap   total 348160K, used 295910K [0x0000000080000000, 0x0000000100000000)
  region size 1024K, 169 young (173056K), 16 survivors (16384K)
 Metaspace       used 106351K, committed 107200K, reserved 1146880K
  class space    used 14384K, committed 14784K, reserved 1048576K
}
Event: 14.271 GC heap after
{Heap after GC invocations=36 (full 0):
 garbage-first heap   total 348160K, used 139264K [0x0000000080000000, 0x0000000100000000)
  region size 1024K, 22 young (22528K), 22 survivors (22528K)
 Metaspace       used 106351K, committed 107200K, reserved 1146880K
  class space    used 14384K, committed 14784K, reserved 1048576K
}
Event: 15.119 GC heap before
{Heap before GC invocations=36 (full 0):
 garbage-first heap   total 348160K, used 260096K [0x0000000080000000, 0x0000000100000000)
  region size 1024K, 141 young (144384K), 22 survivors (22528K)
 Metaspace       used 110769K, committed 111552K, reserved 1146880K
  class space    used 14743K, committed 15104K, reserved 1048576K
}
Event: 15.127 GC heap after
{Heap after GC invocations=37 (full 0):
 garbage-first heap   total 348160K, used 140288K [0x0000000080000000, 0x0000000100000000)
  region size 1024K, 4 young (4096K), 4 survivors (4096K)
 Metaspace       used 110769K, committed 111552K, reserved 1146880K
  class space    used 14743K, committed 15104K, reserved 1048576K
}
Event: 18.280 GC heap before
{Heap before GC invocations=37 (full 0):
 garbage-first heap   total 348160K, used 267264K [0x0000000080000000, 0x0000000100000000)
  region size 1024K, 129 young (132096K), 4 survivors (4096K)
 Metaspace       used 114264K, committed 115072K, reserved 1155072K
  class space    used 15132K, committed 15552K, reserved 1048576K
}
Event: 18.289 GC heap after
{Heap after GC invocations=38 (full 0):
 garbage-first heap   total 348160K, used 147403K [0x0000000080000000, 0x0000000100000000)
  region size 1024K, 11 young (11264K), 11 survivors (11264K)
 Metaspace       used 114264K, committed 115072K, reserved 1155072K
  class space    used 15132K, committed 15552K, reserved 1048576K
}
Event: 20.642 GC heap before
{Heap before GC invocations=38 (full 0):
 garbage-first heap   total 348160K, used 272331K [0x0000000080000000, 0x0000000100000000)
  region size 1024K, 134 young (137216K), 11 survivors (11264K)
 Metaspace       used 116190K, committed 117120K, reserved 1155072K
  class space    used 15349K, committed 15808K, reserved 1048576K
}
Event: 20.650 GC heap after
{Heap after GC invocations=39 (full 0):
 garbage-first heap   total 348160K, used 155962K [0x0000000080000000, 0x0000000100000000)
  region size 1024K, 17 young (17408K), 17 survivors (17408K)
 Metaspace       used 116190K, committed 117120K, reserved 1155072K
  class space    used 15349K, committed 15808K, reserved 1048576K
}
Event: 21.995 GC heap before
{Heap before GC invocations=39 (full 0):
 garbage-first heap   total 348160K, used 280890K [0x0000000080000000, 0x0000000100000000)
  region size 1024K, 135 young (138240K), 17 survivors (17408K)
 Metaspace       used 117352K, committed 118208K, reserved 1155072K
  class space    used 15487K, committed 15936K, reserved 1048576K
}
Event: 22.007 GC heap after
{Heap after GC invocations=40 (full 0):
 garbage-first heap   total 348160K, used 168174K [0x0000000080000000, 0x0000000100000000)
  region size 1024K, 10 young (10240K), 10 survivors (10240K)
 Metaspace       used 117352K, committed 118208K, reserved 1155072K
  class space    used 15487K, committed 15936K, reserved 1048576K
}
Event: 22.725 GC heap before
{Heap before GC invocations=40 (full 0):
 garbage-first heap   total 348160K, used 319726K [0x0000000080000000, 0x0000000100000000)
  region size 1024K, 120 young (122880K), 10 survivors (10240K)
 Metaspace       used 124023K, committed 124864K, reserved 1163264K
  class space    used 16466K, committed 16896K, reserved 1048576K
}
Event: 22.739 GC heap after
{Heap after GC invocations=41 (full 0):
 garbage-first heap   total 357376K, used 214745K [0x0000000080000000, 0x0000000100000000)
  region size 1024K, 15 young (15360K), 15 survivors (15360K)
 Metaspace       used 124023K, committed 124864K, reserved 1163264K
  class space    used 16466K, committed 16896K, reserved 1048576K
}
Event: 22.937 GC heap before
{Heap before GC invocations=41 (full 0):
 garbage-first heap   total 357376K, used 262873K [0x0000000080000000, 0x0000000100000000)
  region size 1024K, 63 young (64512K), 15 survivors (15360K)
 Metaspace       used 127155K, committed 128000K, reserved 1163264K
  class space    used 16966K, committed 17408K, reserved 1048576K
}
Event: 22.950 GC heap after
{Heap after GC invocations=42 (full 0):
 garbage-first heap   total 357376K, used 227517K [0x0000000080000000, 0x0000000100000000)
  region size 1024K, 11 young (11264K), 11 survivors (11264K)
 Metaspace       used 127155K, committed 128000K, reserved 1163264K
  class space    used 16966K, committed 17408K, reserved 1048576K
}

