# JRE version: OpenJDK Runtime Environment (17.0.6) (build 17.0.6+0-b2043.56-10027231)
# Java VM: OpenJDK 64-Bit Server VM (17.0.6+0-b2043.56-10027231, mixed mode, tiered, compressed oops, compressed class ptrs, g1 gc, windows-amd64)
GC Precious Log:
 CPUs: 6 total, 6 available
 Memory: 16291M
 Large Page Support: Disabled
 NUMA Support: Disabled
 Compressed Oops: Enabled (32-bit)
 Heap Region Size: 1M
 Heap Min Capacity: 8M
 Heap Initial Capacity: 256M
 Heap Max Capacity: 2G
 Pre-touch: Disabled
 Parallel Workers: 6
 Concurrent Workers: 2
 Concurrent Refinement Workers: 6
 Periodic GC: Disabled
Heap:
 garbage-first heap   total 449536K, used 213729K [0x0000000080000000, 0x0000000100000000)
  region size 1024K, 19 young (19456K), 2 survivors (2048K)
 Metaspace       used 154818K, committed 156032K, reserved 1204224K
  class space    used 20635K, committed 21312K, reserved 1048576K
GC Heap History (20 events):
Event: 53.682 GC heap before
{Heap before GC invocations=74 (full 0):
 garbage-first heap   total 354304K, used 300471K [0x0000000080000000, 0x0000000100000000)
  region size 1024K, 77 young (78848K), 10 survivors (10240K)
 Metaspace       used 173130K, committed 174144K, reserved 1204224K
  class space    used 23083K, committed 23552K, reserved 1048576K
}
Event: 53.685 GC heap after
{Heap after GC invocations=75 (full 0):
 garbage-first heap   total 354304K, used 223520K [0x0000000080000000, 0x0000000100000000)
  region size 1024K, 2 young (2048K), 2 survivors (2048K)
 Metaspace       used 173130K, committed 174144K, reserved 1204224K
  class space    used 23083K, committed 23552K, reserved 1048576K
}
Event: 53.826 GC heap before
{Heap before GC invocations=75 (full 0):
 garbage-first heap   total 354304K, used 299296K [0x0000000080000000, 0x0000000100000000)
  region size 1024K, 77 young (78848K), 2 survivors (2048K)
 Metaspace       used 173151K, committed 174144K, reserved 1204224K
  class space    used 23084K, committed 23552K, reserved 1048576K
}
Event: 53.827 GC heap after
{Heap after GC invocations=76 (full 0):
 garbage-first heap   total 354304K, used 222477K [0x0000000080000000, 0x0000000100000000)
  region size 1024K, 1 young (1024K), 1 survivors (1024K)
 Metaspace       used 173151K, committed 174144K, reserved 1204224K
  class space    used 23084K, committed 23552K, reserved 1048576K
}
Event: 54.287 GC heap before
{Heap before GC invocations=76 (full 0):
 garbage-first heap   total 354304K, used 282893K [0x0000000080000000, 0x0000000100000000)
  region size 1024K, 46 young (47104K), 1 survivors (1024K)
 Metaspace       used 174551K, committed 175616K, reserved 1204224K
  class space    used 23254K, committed 23744K, reserved 1048576K
}
Event: 54.290 GC heap after
{Heap after GC invocations=77 (full 0):
 garbage-first heap   total 354304K, used 238014K [0x0000000080000000, 0x0000000100000000)
  region size 1024K, 3 young (3072K), 3 survivors (3072K)
 Metaspace       used 174551K, committed 175616K, reserved 1204224K
  class space    used 23254K, committed 23744K, reserved 1048576K
}
Event: 54.513 GC heap before
{Heap before GC invocations=77 (full 0):
 garbage-first heap   total 354304K, used 259518K [0x0000000080000000, 0x0000000100000000)
  region size 1024K, 5 young (5120K), 3 survivors (3072K)
 Metaspace       used 174695K, committed 175680K, reserved 1204224K
  class space    used 23276K, committed 23744K, reserved 1048576K
}
Event: 54.516 GC heap after
{Heap after GC invocations=78 (full 0):
 garbage-first heap   total 354304K, used 229889K [0x0000000080000000, 0x0000000100000000)
  region size 1024K, 3 young (3072K), 3 survivors (3072K)
 Metaspace       used 174695K, committed 175680K, reserved 1204224K
  class space    used 23276K, committed 23744K, reserved 1048576K
}
Event: 55.349 GC heap before
{Heap before GC invocations=78 (full 0):
 garbage-first heap   total 354304K, used 312833K [0x0000000080000000, 0x0000000100000000)
  region size 1024K, 78 young (79872K), 3 survivors (3072K)
 Metaspace       used 175324K, committed 176320K, reserved 1204224K
  class space    used 23339K, committed 23808K, reserved 1048576K
}
Event: 55.353 GC heap after
{Heap after GC invocations=79 (full 0):
 garbage-first heap   total 354304K, used 228236K [0x0000000080000000, 0x0000000100000000)
  region size 1024K, 7 young (7168K), 7 survivors (7168K)
 Metaspace       used 175324K, committed 176320K, reserved 1204224K
  class space    used 23339K, committed 23808K, reserved 1048576K
}
Event: 62.042 GC heap before
{Heap before GC invocations=79 (full 0):
 garbage-first heap   total 354304K, used 312204K [0x0000000080000000, 0x0000000100000000)
  region size 1024K, 82 young (83968K), 7 survivors (7168K)
 Metaspace       used 176340K, committed 177408K, reserved 1204224K
  class space    used 23462K, committed 24000K, reserved 1048576K
}
Event: 62.048 GC heap after
{Heap after GC invocations=80 (full 0):
 garbage-first heap   total 354304K, used 228351K [0x0000000080000000, 0x0000000100000000)
  region size 1024K, 8 young (8192K), 8 survivors (8192K)
 Metaspace       used 176340K, committed 177408K, reserved 1204224K
  class space    used 23462K, committed 24000K, reserved 1048576K
}
Event: 63.602 GC heap before
{Heap before GC invocations=80 (full 0):
 garbage-first heap   total 354304K, used 302079K [0x0000000080000000, 0x0000000100000000)
  region size 1024K, 81 young (82944K), 8 survivors (8192K)
 Metaspace       used 176778K, committed 177856K, reserved 1204224K
  class space    used 23492K, committed 24000K, reserved 1048576K
}
Event: 63.611 GC heap after
{Heap after GC invocations=81 (full 0):
 garbage-first heap   total 354304K, used 238896K [0x0000000080000000, 0x0000000100000000)
  region size 1024K, 11 young (11264K), 11 survivors (11264K)
 Metaspace       used 176778K, committed 177856K, reserved 1204224K
  class space    used 23492K, committed 24000K, reserved 1048576K
}
Event: 63.959 GC heap before
{Heap before GC invocations=81 (full 0):
 garbage-first heap   total 354304K, used 316720K [0x0000000080000000, 0x0000000100000000)
  region size 1024K, 70 young (71680K), 11 survivors (11264K)
 Metaspace       used 176945K, committed 178048K, reserved 1204224K
  class space    used 23506K, committed 24064K, reserved 1048576K
}
Event: 63.966 GC heap after
{Heap after GC invocations=82 (full 0):
 garbage-first heap   total 354304K, used 260037K [0x0000000080000000, 0x0000000100000000)
  region size 1024K, 4 young (4096K), 4 survivors (4096K)
 Metaspace       used 176945K, committed 178048K, reserved 1204224K
  class space    used 23506K, committed 24064K, reserved 1048576K
}
Event: 1371.726 GC heap before
{Heap before GC invocations=83 (full 0):
 garbage-first heap   total 449536K, used 317381K [0x0000000080000000, 0x0000000100000000)
  region size 1024K, 41 young (41984K), 4 survivors (4096K)
 Metaspace       used 152917K, committed 155264K, reserved 1204224K
  class space    used 20402K, committed 21312K, reserved 1048576K
}
Event: 1371.730 GC heap after
{Heap after GC invocations=84 (full 0):
 garbage-first heap   total 449536K, used 240096K [0x0000000080000000, 0x0000000100000000)
  region size 1024K, 1 young (1024K), 1 survivors (1024K)
 Metaspace       used 152917K, committed 155264K, reserved 1204224K
  class space    used 20402K, committed 21312K, reserved 1048576K
}
Event: 1607.659 GC heap before
{Heap before GC invocations=84 (full 0):
 garbage-first heap   total 449536K, used 259552K [0x0000000080000000, 0x0000000100000000)
  region size 1024K, 21 young (21504K), 1 survivors (1024K)
 Metaspace       used 153037K, committed 155264K, reserved 1204224K
  class space    used 20420K, committed 21312K, reserved 1048576K
}
Event: 1607.670 GC heap after
{Heap after GC invocations=85 (full 0):
 garbage-first heap   total 449536K, used 197345K [0x0000000080000000, 0x0000000100000000)
  region size 1024K, 2 young (2048K), 2 survivors (2048K)
 Metaspace       used 153037K, committed 155264K, reserved 1204224K
  class space    used 20420K, committed 21312K, reserved 1048576K
}

